KCPSM6 Assembler log file for program 'D:\githome\projects\AvrStuff\JammaTestBoard\Verilog\screengrab\src\psm\nop.psm'.
Generated by KCPSM6 version v2.70
Ken Chapman - Xilinx Ltd - 16th May 2014

Assembly datestamp: 25 Aug 2015
Assembly timestamp: 21:02:51

Contents
  Assembly listing
  List of PSM files
  List of CONSTANTs
  List of TABLEs
  List of STRINGs
  List of line labels
  Instruction usage statistics


Last occupied address: 000 hex
Nominal program memory size: 1K (1024)   address(9:0)
Actual memory size: 4096
  (Default memory size)
Occupied memory locations: 1
Memory locations available: 4095


Assembly listing

 Addr Code          Instruction

 000  22000  start: JUMP 000[start]


All unused memory locations contain zero (equivalent to 'LOAD s0, s0')



List of PSM files that have been assembled

D:\githome\projects\AvrStuff\JammaTestBoard\Verilog\screengrab\src\psm\nop.psm



List of defined constants

 CONSTANT name     Value        Source PSM File

 timestamp_hours   21'd         
 timestamp_minutes 02'd         
 timestamp_seconds 51'd         
 datestamp_year    15'd         
 datestamp_month   8'd          
 datestamp_day     25'd         
 NUL               00           
 BEL               07           
 BS                08           
 HT                09           
 LF                0A           
 VT                0B           
 CR                0D           
 ESC               1B           
 DEL               7F           
 DCS               90           
 ST                9C           



No TABLEs defined



List of text strings

 STRING name       String         Source PSM File

 KCPSM6_version$   "v2.70"        
 datestamp$        "25 Aug 2015"  
 timestamp$        "21:02:51"     



List of line labels

   Label    Addr  Source PSM File

   start    000   nop.psm



Instruction usage statistics

 Instruction    Instances

 LOAD              -
 STAR              -

 AND               -
 OR                -
 XOR               -

 ADD               -
 ADDCY             -
 SUB               -
 SUBCY             -

 TEST              -
 TESTCY            -
 COMPARE           -
 COMPARECY         -

 SL0               -
 SL1               -
 SLX               -
 SLA               -
 RL                -
 SR0               -
 SR1               -
 SRX               -
 SRA               -
 RR                -

 REGBANK           -

 INPUT             -
 OUTPUT            -
 OUTPUTK           -

 STORE             -
 FETCH             -

 DISABLE           -
 ENABLE            -
 RETURNI           -

 JUMP              1
 JUMP@             -
 CALL              -
 CALL@             -
 RETURN            -
 LOAD&RETURN       -

 HWBUILD           -



End of KCPSM6 log file.
